TN:
SF:/Users/Ernesto_S/Desktop/PROJECTS/musicomp/src/server/GlobalErrorHandler.js
FN:13,(anonymous_1)
FN:22,(anonymous_2)
FN:29,(anonymous_3)
FNF:3
FNH:3
FNDA:5,(anonymous_1)
FNDA:3,(anonymous_2)
FNDA:4,(anonymous_3)
DA:3,4
DA:5,3
DA:6,3
DA:7,3
DA:8,3
DA:14,5
DA:16,5
DA:17,2
DA:18,2
DA:24,3
DA:25,1
DA:31,4
DA:32,2
DA:33,2
DA:34,2
DA:39,4
LF:16
LH:16
BRDA:16,1,0,2
BRDA:16,1,1,3
BRDA:32,2,0,1
BRDA:32,2,1,1
BRF:4
BRH:4
end_of_record
TN:
SF:/Users/Ernesto_S/Desktop/PROJECTS/musicomp/src/server/LogsController.js
FN:8,(anonymous_1)
FNF:1
FNH:1
FNDA:1,(anonymous_1)
DA:3,1
DA:10,1
DA:12,1
DA:13,1
DA:15,1
DA:19,1
LF:6
LH:6
BRF:0
BRH:0
end_of_record
TN:
SF:/Users/Ernesto_S/Desktop/PROJECTS/musicomp/src/server/Router.js
FN:8,(anonymous_1)
FNF:1
FNH:1
FNDA:1,(anonymous_1)
DA:3,1
DA:10,1
DA:11,1
DA:12,1
DA:14,1
DA:18,1
DA:23,1
DA:28,1
LF:8
LH:8
BRF:0
BRH:0
end_of_record
TN:
SF:/Users/Ernesto_S/Desktop/PROJECTS/musicomp/src/server/SongModel.js
FNF:0
FNH:0
DA:3,1
DA:37,1
LF:2
LH:2
BRF:0
BRH:0
end_of_record
TN:
SF:/Users/Ernesto_S/Desktop/PROJECTS/musicomp/src/server/SongsController.js
FN:8,(anonymous_1)
FN:10,(anonymous_2)
FN:26,(anonymous_3)
FN:38,(anonymous_4)
FNF:4
FNH:3
FNDA:3,(anonymous_1)
FNDA:2,(anonymous_2)
FNDA:0,(anonymous_3)
FNDA:1,(anonymous_4)
DA:3,3
DA:12,2
DA:16,2
DA:18,2
DA:21,1
DA:28,0
DA:29,0
DA:31,0
DA:34,0
DA:40,1
DA:41,1
DA:43,1
DA:46,0
DA:51,3
LF:14
LH:9
BRDA:13,1,0,2
BRDA:13,1,1,2
BRDA:14,2,0,0
BRDA:14,2,1,2
BRF:4
BRH:3
end_of_record
TN:
SF:/Users/Ernesto_S/Desktop/PROJECTS/musicomp/src/server/_clearModuleCache.js
FN:7,(anonymous_1)
FNF:1
FNH:1
FNDA:1985,(anonymous_1)
DA:3,1
DA:5,1
DA:7,1985
LF:3
LH:3
BRF:0
BRH:0
end_of_record
TN:
SF:/Users/Ernesto_S/Desktop/PROJECTS/musicomp/src/server/index.js
FNF:0
FNH:0
DA:3,1
DA:12,1
DA:13,1
DA:14,1
DA:15,1
DA:18,1
DA:19,1
DA:20,1
DA:21,1
DA:24,1
DA:25,1
LF:11
LH:11
BRDA:12,1,0,1
BRDA:12,1,1,0
BRF:2
BRH:1
end_of_record
TN:
SF:/Users/Ernesto_S/Desktop/PROJECTS/musicomp/src/server/logger.js
FNF:0
FNH:0
DA:3,5
DA:11,3
DA:12,3
DA:15,5
DA:17,5
DA:19,5
DA:20,3
DA:23,5
LF:8
LH:8
BRDA:19,1,0,3
BRDA:19,1,1,2
BRF:2
BRH:2
end_of_record
TN:
SF:/Users/Ernesto_S/Desktop/PROJECTS/musicomp/src/server/responseHelper.js
FNF:0
FNH:0
DA:3,5
DA:5,5
DA:8,1
DA:9,1
DA:12,0
DA:17,0
DA:18,0
DA:21,0
DA:24,1
DA:25,0
DA:28,1
DA:29,1
LF:12
LH:7
BRDA:24,1,0,0
BRDA:24,1,1,1
BRF:2
BRH:1
end_of_record
